# JRE version: OpenJDK Runtime Environment (8.0_131-b11) (build 1.8.0_131-8u131-b11-2ubuntu1.16.04.2-b11)
# Java VM: OpenJDK 64-Bit Server VM (25.131-b11 mixed mode linux-amd64 compressed oops)
Heap:
 garbage-first heap   total 262144K, used 66560K [0x00000000c0000000, 0x00000000c0100800, 0x0000000100000000)
  region size 1024K, 15 young (15360K), 11 survivors (11264K)
 Metaspace       used 80726K, capacity 86844K, committed 87040K, reserved 1124352K
  class space    used 9518K, capacity 11445K, committed 11520K, reserved 1048576K
GC Heap History (10 events):
Event: 13,937 GC heap before
{Heap before GC invocations=6 (full 0):
 garbage-first heap   total 262144K, used 63487K [0x00000000c0000000, 0x00000000c0100800, 0x0000000100000000)
  region size 1024K, 48 young (49152K), 7 survivors (7168K)
 Metaspace       used 32523K, capacity 35766K, committed 35840K, reserved 1081344K
  class space    used 3576K, capacity 4577K, committed 4608K, reserved 1048576K
Event: 13,964 GC heap after
Heap after GC invocations=7 (full 0):
 garbage-first heap   total 262144K, used 35327K [0x00000000c0000000, 0x00000000c0100800, 0x0000000100000000)
  region size 1024K, 20 young (20480K), 20 survivors (20480K)
 Metaspace       used 32523K, capacity 35766K, committed 35840K, reserved 1081344K
  class space    used 3576K, capacity 4577K, committed 4608K, reserved 1048576K
}
Event: 21,075 GC heap before
{Heap before GC invocations=8 (full 0):
 garbage-first heap   total 262144K, used 172053K [0x00000000c0000000, 0x00000000c0100800, 0x0000000100000000)
  region size 1024K, 153 young (156672K), 20 survivors (20480K)
 Metaspace       used 47364K, capacity 51708K, committed 51840K, reserved 1093632K
  class space    used 5435K, capacity 6732K, committed 6784K, reserved 1048576K
Event: 21,125 GC heap after
Heap after GC invocations=9 (full 0):
 garbage-first heap   total 262144K, used 47489K [0x00000000c0000000, 0x00000000c0100800, 0x0000000100000000)
  region size 1024K, 20 young (20480K), 20 survivors (20480K)
 Metaspace       used 47364K, capacity 51708K, committed 51840K, reserved 1093632K
  class space    used 5435K, capacity 6732K, committed 6784K, reserved 1048576K
}
Event: 30,657 GC heap before
{Heap before GC invocations=10 (full 0):
 garbage-first heap   total 262144K, used 183681K [0x00000000c0000000, 0x00000000c0100800, 0x0000000100000000)
  region size 1024K, 153 young (156672K), 20 survivors (20480K)
 Metaspace       used 64780K, capacity 70258K, committed 70528K, reserved 1110016K
  class space    used 7465K, capacity 9279K, committed 9344K, reserved 1048576K
Event: 30,733 GC heap after
Heap after GC invocations=11 (full 0):
 garbage-first heap   total 262144K, used 75264K [0x00000000c0000000, 0x00000000c0100800, 0x0000000100000000)
  region size 1024K, 20 young (20480K), 20 survivors (20480K)
 Metaspace       used 64780K, capacity 70258K, committed 70528K, reserved 1110016K
  class space    used 7465K, capacity 9279K, committed 9344K, reserved 1048576K
}
Event: 47,617 GC heap before
{Heap before GC invocations=11 (full 0):
 garbage-first heap   total 262144K, used 157696K [0x00000000c0000000, 0x00000000c0100800, 0x0000000100000000)
  region size 1024K, 100 young (102400K), 20 survivors (20480K)
 Metaspace       used 74763K, capacity 80450K, committed 80640K, reserved 1120256K
  class space    used 8819K, capacity 10717K, committed 10752K, reserved 1048576K
Event: 47,670 GC heap after
Heap after GC invocations=12 (full 0):
 garbage-first heap   total 262144K, used 89600K [0x00000000c0000000, 0x00000000c0100800, 0x0000000100000000)
  region size 1024K, 13 young (13312K), 13 survivors (13312K)
 Metaspace       used 74763K, capacity 80450K, committed 80640K, reserved 1120256K
  class space    used 8819K, capacity 10717K, committed 10752K, reserved 1048576K
}
Event: 63,948 GC heap before
{Heap before GC invocations=12 (full 0):
 garbage-first heap   total 262144K, used 115200K [0x00000000c0000000, 0x00000000c0100800, 0x0000000100000000)
  region size 1024K, 39 young (39936K), 13 survivors (13312K)
 Metaspace       used 80033K, capacity 86228K, committed 86400K, reserved 1124352K
  class space    used 9436K, capacity 11373K, committed 11392K, reserved 1048576K
Event: 63,975 GC heap after
Heap after GC invocations=13 (full 0):
 garbage-first heap   total 262144K, used 87040K [0x00000000c0000000, 0x00000000c0100800, 0x0000000100000000)
  region size 1024K, 11 young (11264K), 11 survivors (11264K)
 Metaspace       used 80033K, capacity 86228K, committed 86400K, reserved 1124352K
  class space    used 9436K, capacity 11373K, committed 11392K, reserved 1048576K
}

