# JRE version: OpenJDK Runtime Environment (8.0_131-b11) (build 1.8.0_131-8u131-b11-2ubuntu1.16.04.2-b11)
# Java VM: OpenJDK 64-Bit Server VM (25.131-b11 mixed mode linux-amd64 compressed oops)
Heap:
 garbage-first heap   total 262144K, used 161280K [0x00000000c0000000, 0x00000000c0100800, 0x0000000100000000)
  region size 1024K, 69 young (70656K), 3 survivors (3072K)
 Metaspace       used 78093K, capacity 84268K, committed 84504K, reserved 1122304K
  class space    used 9212K, capacity 11225K, committed 11288K, reserved 1048576K
GC Heap History (10 events):
Event: 32,640 GC heap before
{Heap before GC invocations=4 (full 0):
 garbage-first heap   total 262144K, used 149515K [0x00000000c0000000, 0x00000000c0100800, 0x0000000100000000)
  region size 1024K, 91 young (93184K), 4 survivors (4096K)
 Metaspace       used 19500K, capacity 21232K, committed 21296K, reserved 1069056K
  class space    used 1903K, capacity 2429K, committed 2432K, reserved 1048576K
Event: 32,675 GC heap after
Heap after GC invocations=5 (full 0):
 garbage-first heap   total 262144K, used 50671K [0x00000000c0000000, 0x00000000c0100800, 0x0000000100000000)
  region size 1024K, 20 young (20480K), 20 survivors (20480K)
 Metaspace       used 19500K, capacity 21232K, committed 21296K, reserved 1069056K
  class space    used 1903K, capacity 2429K, committed 2432K, reserved 1048576K
}
Event: 36,665 GC heap before
{Heap before GC invocations=6 (full 0):
 garbage-first heap   total 262144K, used 91140K [0x00000000c0000000, 0x00000000c0100800, 0x0000000100000000)
  region size 1024K, 64 young (65536K), 20 survivors (20480K)
 Metaspace       used 32799K, capacity 36328K, committed 36428K, reserved 1081344K
  class space    used 3608K, capacity 4620K, committed 4684K, reserved 1048576K
Event: 36,705 GC heap after
Heap after GC invocations=7 (full 0):
 garbage-first heap   total 262144K, used 55808K [0x00000000c0000000, 0x00000000c0100800, 0x0000000100000000)
  region size 1024K, 9 young (9216K), 9 survivors (9216K)
 Metaspace       used 32799K, capacity 36328K, committed 36428K, reserved 1081344K
  class space    used 3608K, capacity 4620K, committed 4684K, reserved 1048576K
}
Event: 43,207 GC heap before
{Heap before GC invocations=8 (full 0):
 garbage-first heap   total 262144K, used 198144K [0x00000000c0000000, 0x00000000c0100800, 0x0000000100000000)
  region size 1024K, 153 young (156672K), 9 survivors (9216K)
 Metaspace       used 51644K, capacity 56640K, committed 56856K, reserved 1097728K
  class space    used 6026K, capacity 7626K, committed 7704K, reserved 1048576K
Event: 43,248 GC heap after
Heap after GC invocations=9 (full 0):
 garbage-first heap   total 262144K, used 74752K [0x00000000c0000000, 0x00000000c0100800, 0x0000000100000000)
  region size 1024K, 20 young (20480K), 20 survivors (20480K)
 Metaspace       used 51644K, capacity 56640K, committed 56856K, reserved 1097728K
  class space    used 6026K, capacity 7626K, committed 7704K, reserved 1048576K
}
Event: 51,810 GC heap before
{Heap before GC invocations=10 (full 0):
 garbage-first heap   total 262144K, used 206336K [0x00000000c0000000, 0x00000000c0100800, 0x0000000100000000)
  region size 1024K, 153 young (156672K), 20 survivors (20480K)
 Metaspace       used 73538K, capacity 79178K, committed 79512K, reserved 1118208K
  class space    used 8661K, capacity 10568K, committed 10648K, reserved 1048576K
Event: 51,864 GC heap after
Heap after GC invocations=11 (full 0):
 garbage-first heap   total 262144K, used 94720K [0x00000000c0000000, 0x00000000c0100800, 0x0000000100000000)
  region size 1024K, 20 young (20480K), 20 survivors (20480K)
 Metaspace       used 73538K, capacity 79178K, committed 79512K, reserved 1118208K
  class space    used 8661K, capacity 10568K, committed 10648K, reserved 1048576K
}
Event: 51,884 GC heap before
{Heap before GC invocations=11 (full 0):
 garbage-first heap   total 262144K, used 95744K [0x00000000c0000000, 0x00000000c0100800, 0x0000000100000000)
  region size 1024K, 21 young (21504K), 20 survivors (20480K)
 Metaspace       used 73546K, capacity 79242K, committed 79512K, reserved 1118208K
  class space    used 8661K, capacity 10568K, committed 10648K, reserved 1048576K
Event: 51,923 GC heap after
Heap after GC invocations=12 (full 0):
 garbage-first heap   total 262144K, used 94720K [0x00000000c0000000, 0x00000000c0100800, 0x0000000100000000)
  region size 1024K, 3 young (3072K), 3 survivors (3072K)
 Metaspace       used 73546K, capacity 79242K, committed 79512K, reserved 1118208K
  class space    used 8661K, capacity 10568K, committed 10648K, reserved 1048576K
}

